<?xml version="1.0" encoding="UTF-8"?>
<!-- Generated by org.testng.reporters.JUnitReportReporter -->
<testsuite hostname="MASS" failures="0" tests="1" name="com.saucedemo.TestPack.TC04_Verify_AllProduct_AddToCart_Functionality" time="1.895" errors="0" timestamp="2022-11-24T13:50:47 IST" skipped="0">
  <testcase classname="com.saucedemo.TestPack.TC04_Verify_AllProduct_AddToCart_Functionality" name="VerifyLogout" time="1.895"/>
  <system-out/>
</testsuite> <!-- com.saucedemo.TestPack.TC04_Verify_AllProduct_AddToCart_Functionality -->
